Using pre-set license
Built from '2022.1/staging' branch; Version is '2022.1.20f1 (01d83b40d570) revision 120891'; Using compiler version '192829333'; Build Type 'Release'
OS: 'Windows 10  (10.0.19045) 64bit CoreSingleLanguage' Language: 'en' Physical Memory: 16254 MB
BatchMode: 1, IsHumanControllingUs: 0, StartBugReporterOnCrash: 0, Is64bit: 1, IsPro: 1

COMMAND LINE ARGUMENTS:
C:\Program Files\Unity\Hub\Editor\2022.1.20f1\Editor\Unity.exe
-adb2
-batchMode
-noUpm
-name
AssetImportWorker2
-projectPath
D:/FinalFarmingGame/FinalFarming
-logFile
Logs/AssetImportWorker2.log
-srvPort
54959
Successfully changed project path to: D:/FinalFarmingGame/FinalFarming
D:/FinalFarmingGame/FinalFarming
[UnityMemory] Configuration Parameters - Can be set up in boot.config
    "memorysetup-bucket-allocator-granularity=16"
    "memorysetup-bucket-allocator-bucket-count=8"
    "memorysetup-bucket-allocator-block-size=33554432"
    "memorysetup-bucket-allocator-block-count=8"
    "memorysetup-main-allocator-block-size=16777216"
    "memorysetup-thread-allocator-block-size=16777216"
    "memorysetup-gfx-main-allocator-block-size=16777216"
    "memorysetup-gfx-thread-allocator-block-size=16777216"
    "memorysetup-cache-allocator-block-size=4194304"
    "memorysetup-typetree-allocator-block-size=2097152"
    "memorysetup-profiler-bucket-allocator-granularity=16"
    "memorysetup-profiler-bucket-allocator-bucket-count=8"
    "memorysetup-profiler-bucket-allocator-block-size=33554432"
    "memorysetup-profiler-bucket-allocator-block-count=8"
    "memorysetup-profiler-allocator-block-size=16777216"
    "memorysetup-profiler-editor-allocator-block-size=1048576"
    "memorysetup-temp-allocator-size-main=16777216"
    "memorysetup-job-temp-allocator-block-size=2097152"
    "memorysetup-job-temp-allocator-block-size-background=1048576"
    "memorysetup-job-temp-allocator-reduction-small-platforms=262144"
    "memorysetup-temp-allocator-size-background-worker=32768"
    "memorysetup-temp-allocator-size-job-worker=262144"
    "memorysetup-temp-allocator-size-preload-manager=33554432"
    "memorysetup-temp-allocator-size-nav-mesh-worker=65536"
    "memorysetup-temp-allocator-size-audio-worker=65536"
    "memorysetup-temp-allocator-size-cloud-worker=32768"
    "memorysetup-temp-allocator-size-gi-baking-worker=262144"
    "memorysetup-temp-allocator-size-gfx=262144"
Refreshing native plugins compatible for Editor in 94.41 ms, found 3 plugins.
Preloading 0 native plugins for Editor in 0.00 ms.
Initialize engine version: 2022.1.20f1 (01d83b40d570)
[Subsystems] Discovering subsystems at path C:/Program Files/Unity/Hub/Editor/2022.1.20f1/Editor/Data/Resources/UnitySubsystems
[Subsystems] Discovering subsystems at path D:/FinalFarmingGame/FinalFarming/Assets
GfxDevice: creating device client; threaded=0; jobified=0
Direct3D:
    Version:  Direct3D 11.0 [level 11.1]
    Renderer: NVIDIA GeForce GTX 1650 (ID=0x1f91)
    Vendor:   NVIDIA
    VRAM:     3962 MB
    Driver:   27.21.14.6230
Initialize mono
Mono path[0] = 'C:/Program Files/Unity/Hub/Editor/2022.1.20f1/Editor/Data/Managed'
Mono path[1] = 'C:/Program Files/Unity/Hub/Editor/2022.1.20f1/Editor/Data/MonoBleedingEdge/lib/mono/unityjit-win32'
Mono config path = 'C:/Program Files/Unity/Hub/Editor/2022.1.20f1/Editor/Data/MonoBleedingEdge/etc'
Using monoOptions --debugger-agent=transport=dt_socket,embedding=1,server=y,suspend=n,address=127.0.0.1:56064
Begin MonoManager ReloadAssembly
Registering precompiled unity dll's ...
Register platform support module: C:/Program Files/Unity/Hub/Editor/2022.1.20f1/Editor/Data/PlaybackEngines/AndroidPlayer/UnityEditor.Android.Extensions.dll
Register platform support module: C:/Program Files/Unity/Hub/Editor/2022.1.20f1/Editor/Data/PlaybackEngines/WindowsStandaloneSupport/UnityEditor.WindowsStandalone.Extensions.dll
Registered in 0.016306 seconds.
Native extension for WindowsStandalone target not found
Native extension for Android target not found
Refreshing native plugins compatible for Editor in 79.70 ms, found 3 plugins.
Preloading 0 native plugins for Editor in 0.00 ms.
Mono: successfully reloaded assembly
- Completed reload, in  0.955 seconds
Domain Reload Profiling:
	ReloadAssembly (956ms)
		BeginReloadAssembly (129ms)
			ExecutionOrderSort (0ms)
			DisableScriptedObjects (0ms)
			BackupInstance (0ms)
			ReleaseScriptingObjects (0ms)
			CreateAndSetChildDomain (1ms)
		EndReloadAssembly (606ms)
			LoadAssemblies (127ms)
			RebuildTransferFunctionScriptingTraits (0ms)
			SetupTypeCache (164ms)
				TypeCache.Initialize (163ms)
					TypeCache.ScanAssembly (162ms)
				ResolveRequiredComponents (1ms)
			ReleaseScriptCaches (0ms)
			RebuildScriptCaches (35ms)
			SetupLoadedEditorAssemblies (335ms)
				LogAssemblyErrors (0ms)
				InitializePlatformSupportModulesInManaged (60ms)
				SetLoadedEditorAssemblies (13ms)
				RefreshPlugins (80ms)
				BeforeProcessingInitializeOnLoad (2ms)
				ProcessInitializeOnLoadAttributes (125ms)
				ProcessInitializeOnLoadMethodAttributes (55ms)
				AfterProcessingInitializeOnLoad (0ms)
				EditorAssembliesLoaded (0ms)
			ExecutionOrderSort2 (0ms)
			AwakeInstancesAfterBackupRestoration (0ms)
Platform modules already initialized, skipping
Registering precompiled user dll's ...
Registered in 0.005365 seconds.
Begin MonoManager ReloadAssembly
Symbol file LoadedFromMemory doesn't match image D:\FinalFarmingGame\FinalFarming\Library\PackageCache\com.unity.visualscripting@1.7.8\Editor\VisualScripting.Core\Dependencies\YamlDotNet\Unity.VisualScripting.YamlDotNet.dll
Symbol file LoadedFromMemory doesn't match image D:\FinalFarmingGame\FinalFarming\Library\PackageCache\com.unity.visualscripting@1.7.8\Editor\VisualScripting.Core\Dependencies\DotNetZip\Unity.VisualScripting.IonicZip.dll
Native extension for WindowsStandalone target not found
Native extension for Android target not found
Refreshing native plugins compatible for Editor in 0.62 ms, found 3 plugins.
Preloading 0 native plugins for Editor in 0.00 ms.
Mono: successfully reloaded assembly
- Completed reload, in  1.330 seconds
Domain Reload Profiling:
	ReloadAssembly (1331ms)
		BeginReloadAssembly (246ms)
			ExecutionOrderSort (0ms)
			DisableScriptedObjects (6ms)
			BackupInstance (0ms)
			ReleaseScriptingObjects (0ms)
			CreateAndSetChildDomain (132ms)
		EndReloadAssembly (960ms)
			LoadAssemblies (93ms)
			RebuildTransferFunctionScriptingTraits (0ms)
			SetupTypeCache (313ms)
				TypeCache.Initialize (309ms)
					TypeCache.ScanAssembly (305ms)
				ResolveRequiredComponents (4ms)
			ReleaseScriptCaches (1ms)
			RebuildScriptCaches (59ms)
			SetupLoadedEditorAssemblies (444ms)
				LogAssemblyErrors (0ms)
				InitializePlatformSupportModulesInManaged (17ms)
				SetLoadedEditorAssemblies (8ms)
				RefreshPlugins (1ms)
				BeforeProcessingInitializeOnLoad (100ms)
				ProcessInitializeOnLoadAttributes (272ms)
				ProcessInitializeOnLoadMethodAttributes (35ms)
				AfterProcessingInitializeOnLoad (11ms)
				EditorAssembliesLoaded (0ms)
			ExecutionOrderSort2 (0ms)
			AwakeInstancesAfterBackupRestoration (7ms)
Platform modules already initialized, skipping
========================================================================
Worker process is ready to serve import requests
Launched and connected shader compiler UnityShaderCompiler.exe after 0.05 seconds
Refreshing native plugins compatible for Editor in 0.58 ms, found 3 plugins.
Preloading 0 native plugins for Editor in 0.00 ms.
Unloading 3400 Unused Serialized files (Serialized files now loaded: 0)
Unloading 26 unused Assets / (58.2 KB). Loaded Objects now: 3862.
Memory consumption went from 0.51 GB to 0.51 GB.
Total: 3.346700 ms (FindLiveObjects: 0.279300 ms CreateObjectMapping: 0.228500 ms MarkObjects: 2.765300 ms  DeleteObjects: 0.072700 ms)

AssetImportParameters requested are different than current active one (requested -> active):
  custom:video-decoder-ogg-theora: a1e56fd34408186e4bbccfd4996cb3dc -> 
  custom:container-muxer-webm: aa71ff27fc2769a1b78a27578f13a17b -> 
  custom:container-demuxer-webm: 4f35f7cbe854078d1ac9338744f61a02 -> 
  custom:video-encoder-webm-vp8: eb34c28f22e8b96e1ab97ce403110664 -> 
  custom:audio-encoder-webm-vorbis: bf7c407c2cedff20999df2af8eb42d56 -> 
  custom:framework-win-MediaFoundation: 216162199b28c13a410421893ffa2e32 -> 
  custom:container-demuxer-ogg: 62fdf1f143b41e24485cea50d1cbac27 -> 
  custom:video-decoder-webm-vp8: 9c59270c3fd7afecdb556c50c9e8de78 -> 
  custom:audio-decoder-ogg-vorbis: bf7c407c2cedff20999df2af8eb42d56 -> 
========================================================================
Received Import Request.
  Time since last request: 17965.424507 seconds.
  path: Assets/Flat Textures Pack/Materials/Winter_Wall.mat
  artifactKey: Guid(225f4cc257a1e38498996437dc0c3f50) Importer(815301076,1909f56bfc062723c751e8b465ee728b)
Start importing Assets/Flat Textures Pack/Materials/Winter_Wall.mat using Guid(225f4cc257a1e38498996437dc0c3f50) Importer(815301076,1909f56bfc062723c751e8b465ee728b)  -> (artifact id: 'bfa18984a32eccfb5c3281143be53336') in 0.159506 seconds 
========================================================================
Received Import Request.
  Time since last request: 26.774608 seconds.
  path: Assets/Flat Textures Pack/Textures/Desert_Sand_B.png
  artifactKey: Guid(970ad6b6e3accb640a4bb916a1034bd4) Importer(815301076,1909f56bfc062723c751e8b465ee728b)
Start importing Assets/Flat Textures Pack/Textures/Desert_Sand_B.png using Guid(970ad6b6e3accb640a4bb916a1034bd4) Importer(815301076,1909f56bfc062723c751e8b465ee728b)  -> (artifact id: 'a7322e7568123a969dbcaa57d5de0e85') in 0.029636 seconds 
========================================================================
Received Import Request.
  Time since last request: 469.558866 seconds.
  path: Assets/Flat Textures Pack/Materials/Desert_Sand_B.mat
  artifactKey: Guid(e00ca62ae67139f41b7cf3c04f00fb88) Importer(815301076,1909f56bfc062723c751e8b465ee728b)
Start importing Assets/Flat Textures Pack/Materials/Desert_Sand_B.mat using Guid(e00ca62ae67139f41b7cf3c04f00fb88) Importer(815301076,1909f56bfc062723c751e8b465ee728b)  -> (artifact id: 'e451c1a9a9903b4d246d3736fb32c736') in 0.022745 seconds 
========================================================================
Received Import Request.
  Time since last request: 1.188738 seconds.
  path: Assets/Flat Textures Pack/Textures/Cave_Bush.png
  artifactKey: Guid(f66cf91fe79cffe4bbe6a155e61e4bb7) Importer(815301076,1909f56bfc062723c751e8b465ee728b)
Start importing Assets/Flat Textures Pack/Textures/Cave_Bush.png using Guid(f66cf91fe79cffe4bbe6a155e61e4bb7) Importer(815301076,1909f56bfc062723c751e8b465ee728b)  -> (artifact id: 'b80d490728f939e8b61f14e5c6b8a5fb') in 0.025716 seconds 
========================================================================
Received Import Request.
  Time since last request: 0.000025 seconds.
  path: Assets/Flat Textures Pack/Textures/Winter_Cracked_Ice_C.png
  artifactKey: Guid(ac9df218827ab504e93d6862617b2de7) Importer(815301076,1909f56bfc062723c751e8b465ee728b)
Start importing Assets/Flat Textures Pack/Textures/Winter_Cracked_Ice_C.png using Guid(ac9df218827ab504e93d6862617b2de7) Importer(815301076,1909f56bfc062723c751e8b465ee728b)  -> (artifact id: '9cb535a22ba06e36ceae6edae77b0ca1') in 0.026832 seconds 
========================================================================
Received Import Request.
  Time since last request: 0.000026 seconds.
  path: Assets/Flat Textures Pack/Textures/Winter_Hardsnow.png
  artifactKey: Guid(fe04479d93e6897438d3c2856a88b89e) Importer(815301076,1909f56bfc062723c751e8b465ee728b)
Start importing Assets/Flat Textures Pack/Textures/Winter_Hardsnow.png using Guid(fe04479d93e6897438d3c2856a88b89e) Importer(815301076,1909f56bfc062723c751e8b465ee728b)  -> (artifact id: '419145f79191cf2c4d4541ae5ffc1fd5') in 0.019778 seconds 
========================================================================
Received Import Request.
  Time since last request: 0.000021 seconds.
  path: Assets/Flat Textures Pack/Textures/Summer_Rocks.png
  artifactKey: Guid(fb4c9126ed8df1140868be39f7d0b4bb) Importer(815301076,1909f56bfc062723c751e8b465ee728b)
Start importing Assets/Flat Textures Pack/Textures/Summer_Rocks.png using Guid(fb4c9126ed8df1140868be39f7d0b4bb) Importer(815301076,1909f56bfc062723c751e8b465ee728b)  -> (artifact id: 'dd05cde1d42654f583cf3e4ee8274753') in 0.018975 seconds 
========================================================================
Received Import Request.
  Time since last request: 0.000030 seconds.
  path: Assets/Flat Textures Pack/Textures/Summer_Flowers.png
  artifactKey: Guid(0d0a4eda378924a488fc68a509785635) Importer(815301076,1909f56bfc062723c751e8b465ee728b)
Start importing Assets/Flat Textures Pack/Textures/Summer_Flowers.png using Guid(0d0a4eda378924a488fc68a509785635) Importer(815301076,1909f56bfc062723c751e8b465ee728b)  -> (artifact id: 'd17f744ac082a5f8bc3c9425028bdbce') in 0.020009 seconds 
========================================================================
Received Import Request.
  Time since last request: 0.000043 seconds.
  path: Assets/Flat Textures Pack/Textures/WInter_Snow_Rocks.png
  artifactKey: Guid(f4a36263be3bcb547881e084946baece) Importer(815301076,1909f56bfc062723c751e8b465ee728b)
Start importing Assets/Flat Textures Pack/Textures/WInter_Snow_Rocks.png using Guid(f4a36263be3bcb547881e084946baece) Importer(815301076,1909f56bfc062723c751e8b465ee728b)  -> (artifact id: 'f4ceff8834bdf6b0fd447c7686e02b52') in 0.023579 seconds 
========================================================================
Received Import Request.
  Time since last request: 0.000022 seconds.
  path: Assets/Flat Textures Pack/Textures/Cave_GoldenPebbles.png
  artifactKey: Guid(e63e6b5575cf91b4883ed33d002c8606) Importer(815301076,1909f56bfc062723c751e8b465ee728b)
Start importing Assets/Flat Textures Pack/Textures/Cave_GoldenPebbles.png using Guid(e63e6b5575cf91b4883ed33d002c8606) Importer(815301076,1909f56bfc062723c751e8b465ee728b)  -> (artifact id: 'b1cca3e83f0d47c286d030ce9571f884') in 0.015958 seconds 
========================================================================
Received Import Request.
  Time since last request: 0.000035 seconds.
  path: Assets/Flat Textures Pack/Textures/Winter_Spores.png
  artifactKey: Guid(59569d2ed7e8b7047be6fb0008e4f048) Importer(815301076,1909f56bfc062723c751e8b465ee728b)
Start importing Assets/Flat Textures Pack/Textures/Winter_Spores.png using Guid(59569d2ed7e8b7047be6fb0008e4f048) Importer(815301076,1909f56bfc062723c751e8b465ee728b)  -> (artifact id: '1a36f6d1c6e9b8ef894f8bbfe32653b5') in 0.024343 seconds 
========================================================================
Received Import Request.
  Time since last request: 0.000027 seconds.
  path: Assets/Flat Textures Pack/Textures/Summer_Mud_B.png
  artifactKey: Guid(12cde8a4716b7ba4198829c1cede3e17) Importer(815301076,1909f56bfc062723c751e8b465ee728b)
Start importing Assets/Flat Textures Pack/Textures/Summer_Mud_B.png using Guid(12cde8a4716b7ba4198829c1cede3e17) Importer(815301076,1909f56bfc062723c751e8b465ee728b)  -> (artifact id: '14bf97ace043e6a752969b931469ba9c') in 0.017667 seconds 
========================================================================
Received Import Request.
  Time since last request: 0.000031 seconds.
  path: Assets/Flat Textures Pack/Textures/Water_C.png
  artifactKey: Guid(ce394c0285519a34789bd1bf7495d077) Importer(815301076,1909f56bfc062723c751e8b465ee728b)
Start importing Assets/Flat Textures Pack/Textures/Water_C.png using Guid(ce394c0285519a34789bd1bf7495d077) Importer(815301076,1909f56bfc062723c751e8b465ee728b)  -> (artifact id: '53bc222e7da635b2f2e9ce0a359cde56') in 0.019646 seconds 
========================================================================
Received Import Request.
  Time since last request: 0.000031 seconds.
  path: Assets/Flat Textures Pack/Textures/Winter_Ice_Cracked_A.png
  artifactKey: Guid(8cba0a30a7bd0b0439ceea078f02eeef) Importer(815301076,1909f56bfc062723c751e8b465ee728b)
Start importing Assets/Flat Textures Pack/Textures/Winter_Ice_Cracked_A.png using Guid(8cba0a30a7bd0b0439ceea078f02eeef) Importer(815301076,1909f56bfc062723c751e8b465ee728b)  -> (artifact id: '7dcc3833113564428f7ad3a0e0ef4549') in 0.025153 seconds 
========================================================================
Received Import Request.
  Time since last request: 0.000023 seconds.
  path: Assets/Flat Textures Pack/Textures/Winter_Moss.png
  artifactKey: Guid(df43085a593068e4a8a5f9b8bfce1e8e) Importer(815301076,1909f56bfc062723c751e8b465ee728b)
Start importing Assets/Flat Textures Pack/Textures/Winter_Moss.png using Guid(df43085a593068e4a8a5f9b8bfce1e8e) Importer(815301076,1909f56bfc062723c751e8b465ee728b)  -> (artifact id: 'c0c5f466634337699e0014b892ddb62d') in 0.022379 seconds 
========================================================================
Received Import Request.
  Time since last request: 0.000019 seconds.
  path: Assets/Flat Textures Pack/Textures/Winter_ChunkyIce.png
  artifactKey: Guid(5dcef4630307f1f468484c2e9d67cf30) Importer(815301076,1909f56bfc062723c751e8b465ee728b)
Start importing Assets/Flat Textures Pack/Textures/Winter_ChunkyIce.png using Guid(5dcef4630307f1f468484c2e9d67cf30) Importer(815301076,1909f56bfc062723c751e8b465ee728b)  -> (artifact id: 'a7d1b2b6b6495ab4207dee4817f2bee4') in 0.019109 seconds 
========================================================================
Received Import Request.
  Time since last request: 0.000025 seconds.
  path: Assets/Flat Textures Pack/Textures/Summer_Wall.png
  artifactKey: Guid(b6729a0d44c32e94a9e0ead2606f79a2) Importer(815301076,1909f56bfc062723c751e8b465ee728b)
Start importing Assets/Flat Textures Pack/Textures/Summer_Wall.png using Guid(b6729a0d44c32e94a9e0ead2606f79a2) Importer(815301076,1909f56bfc062723c751e8b465ee728b)  -> (artifact id: '83e40d2f92832598540e1b3511a55259') in 0.020869 seconds 
========================================================================
Received Import Request.
  Time since last request: 0.000050 seconds.
  path: Assets/Flat Textures Pack/Textures/Summer_Moss.png
  artifactKey: Guid(d625bb8b4a0335542b946bf2cb339c8a) Importer(815301076,1909f56bfc062723c751e8b465ee728b)
Start importing Assets/Flat Textures Pack/Textures/Summer_Moss.png using Guid(d625bb8b4a0335542b946bf2cb339c8a) Importer(815301076,1909f56bfc062723c751e8b465ee728b)  -> (artifact id: '27ea724cdecc04870ebe5fdc455e7362') in 0.021353 seconds 
========================================================================
Received Import Request.
  Time since last request: 0.000037 seconds.
  path: Assets/Flat Textures Pack/Textures/Winter_ce_Cracked_B.png
  artifactKey: Guid(aec36e83e2786ac41afbe9372e4e4067) Importer(815301076,1909f56bfc062723c751e8b465ee728b)
Start importing Assets/Flat Textures Pack/Textures/Winter_ce_Cracked_B.png using Guid(aec36e83e2786ac41afbe9372e4e4067) Importer(815301076,1909f56bfc062723c751e8b465ee728b)  -> (artifact id: '7a96e4797c2df5750da1ba8d4ccfca7e') in 0.017324 seconds 
========================================================================
Received Import Request.
  Time since last request: 0.000021 seconds.
  path: Assets/Flat Textures Pack/Textures/Desert_Sand.png
  artifactKey: Guid(06114477b9be4c649a45f9fc21dc00c6) Importer(815301076,1909f56bfc062723c751e8b465ee728b)
Start importing Assets/Flat Textures Pack/Textures/Desert_Sand.png using Guid(06114477b9be4c649a45f9fc21dc00c6) Importer(815301076,1909f56bfc062723c751e8b465ee728b)  -> (artifact id: '29f91423e92f1ea66ec34449246071e9') in 0.019347 seconds 
========================================================================
Received Import Request.
  Time since last request: 0.000034 seconds.
  path: Assets/Flat Textures Pack/Textures/Desert_CracedMud.png
  artifactKey: Guid(b88cf445d47d9e541b35828d81ffce51) Importer(815301076,1909f56bfc062723c751e8b465ee728b)
Start importing Assets/Flat Textures Pack/Textures/Desert_CracedMud.png using Guid(b88cf445d47d9e541b35828d81ffce51) Importer(815301076,1909f56bfc062723c751e8b465ee728b)  -> (artifact id: 'edf9fb3a3181a89ec6bb772dadc2b23a') in 0.018538 seconds 
========================================================================
Received Import Request.
  Time since last request: 0.000026 seconds.
  path: Assets/Flat Textures Pack/Textures/Water_D.png
  artifactKey: Guid(60cabeb742477d54fbe159e9061f335d) Importer(815301076,1909f56bfc062723c751e8b465ee728b)
Start importing Assets/Flat Textures Pack/Textures/Water_D.png using Guid(60cabeb742477d54fbe159e9061f335d) Importer(815301076,1909f56bfc062723c751e8b465ee728b)  -> (artifact id: 'abe95197b881a8943215ab0424b4337a') in 0.018512 seconds 
========================================================================
Received Import Request.
  Time since last request: 0.000027 seconds.
  path: Assets/Flat Textures Pack/Textures/Summer_ForestRoad.png
  artifactKey: Guid(5ba259208ad985146a301e08de183a3f) Importer(815301076,1909f56bfc062723c751e8b465ee728b)
Start importing Assets/Flat Textures Pack/Textures/Summer_ForestRoad.png using Guid(5ba259208ad985146a301e08de183a3f) Importer(815301076,1909f56bfc062723c751e8b465ee728b)  -> (artifact id: 'fff972748f9a95040466acf09466ed3c') in 0.022503 seconds 
========================================================================
Received Import Request.
  Time since last request: 0.000028 seconds.
  path: Assets/Flat Textures Pack/Textures/Cave_Magma.png
  artifactKey: Guid(d028d237290dff545b1ac2636948f0a0) Importer(815301076,1909f56bfc062723c751e8b465ee728b)
Start importing Assets/Flat Textures Pack/Textures/Cave_Magma.png using Guid(d028d237290dff545b1ac2636948f0a0) Importer(815301076,1909f56bfc062723c751e8b465ee728b)  -> (artifact id: 'f55a1f57d6ca756f12ee017a104f02d1') in 0.020910 seconds 
========================================================================
Received Import Request.
  Time since last request: 0.000022 seconds.
  path: Assets/Flat Textures Pack/Textures/Summer_Mud_A.png
  artifactKey: Guid(ccbae51c789c51e4682f749aa91ce1ab) Importer(815301076,1909f56bfc062723c751e8b465ee728b)
Start importing Assets/Flat Textures Pack/Textures/Summer_Mud_A.png using Guid(ccbae51c789c51e4682f749aa91ce1ab) Importer(815301076,1909f56bfc062723c751e8b465ee728b)  -> (artifact id: 'd40b3bec8c0d255168a9041f3db106a3') in 0.021852 seconds 
========================================================================
Received Import Request.
  Time since last request: 0.000039 seconds.
  path: Assets/Flat Textures Pack/Textures/Cave_LavaRocks_A.png
  artifactKey: Guid(a36ddfdef00715d48be4ba9fb4e538ae) Importer(815301076,1909f56bfc062723c751e8b465ee728b)
Start importing Assets/Flat Textures Pack/Textures/Cave_LavaRocks_A.png using Guid(a36ddfdef00715d48be4ba9fb4e538ae) Importer(815301076,1909f56bfc062723c751e8b465ee728b)  -> (artifact id: '34e5c299ad02e94ee8c3595ec629f460') in 0.020358 seconds 
========================================================================
Received Import Request.
  Time since last request: 0.000042 seconds.
  path: Assets/Flat Textures Pack/Textures/Cave_Poison.png
  artifactKey: Guid(bdbfd93040393854cb6e0e0af9b8d3c5) Importer(815301076,1909f56bfc062723c751e8b465ee728b)
Start importing Assets/Flat Textures Pack/Textures/Cave_Poison.png using Guid(bdbfd93040393854cb6e0e0af9b8d3c5) Importer(815301076,1909f56bfc062723c751e8b465ee728b)  -> (artifact id: '22ff4916f29103a3b2f4623da2267614') in 0.022873 seconds 
========================================================================
Received Import Request.
  Time since last request: 0.823690 seconds.
  path: Assets/Flat Textures Pack/Textures/Winter_Wall.png
  artifactKey: Guid(55d9b7c24bcff144192b2c1889dbc798) Importer(815301076,1909f56bfc062723c751e8b465ee728b)
Start importing Assets/Flat Textures Pack/Textures/Winter_Wall.png using Guid(55d9b7c24bcff144192b2c1889dbc798) Importer(815301076,1909f56bfc062723c751e8b465ee728b)  -> (artifact id: '208c0def7b5cdcf9c40ec2f3fe21dc50') in 0.015718 seconds 
========================================================================
Received Import Request.
  Time since last request: 16.416804 seconds.
  path: Assets/Low Poly Tree/Tree.fbx
  artifactKey: Guid(756e2b7657ad4c141b1521a92ef02e3d) Importer(815301076,1909f56bfc062723c751e8b465ee728b)
Start importing Assets/Low Poly Tree/Tree.fbx using Guid(756e2b7657ad4c141b1521a92ef02e3d) Importer(815301076,1909f56bfc062723c751e8b465ee728b)  -> (artifact id: '9ff0ed57d75d0c19594b9f5ad6bdd2e5') in 0.226258 seconds 
========================================================================
Received Import Request.
  Time since last request: 7.275075 seconds.
  path: Assets/Low Poly Tree/Model
  artifactKey: Guid(2e86fb852febabb4d869af4fda36455e) Importer(815301076,1909f56bfc062723c751e8b465ee728b)
Start importing Assets/Low Poly Tree/Model using Guid(2e86fb852febabb4d869af4fda36455e) Importer(815301076,1909f56bfc062723c751e8b465ee728b)  -> (artifact id: '6100b4e1362d044e98ac4ac135da347e') in 0.008161 seconds 
========================================================================
Received Import Request.
  Time since last request: 0.130648 seconds.
  path: Assets/Low Poly Tree/Model/Leves.fbx
  artifactKey: Guid(7b78211b69b2af541826612a621db789) Importer(815301076,1909f56bfc062723c751e8b465ee728b)
Start importing Assets/Low Poly Tree/Model/Leves.fbx using Guid(7b78211b69b2af541826612a621db789) Importer(815301076,1909f56bfc062723c751e8b465ee728b)  -> (artifact id: 'dfa8ac4fa2195f174804903930cf8ed2') in 0.429146 seconds 
========================================================================
Received Import Request.
  Time since last request: 2.148859 seconds.
  path: Assets/Low Poly Tree/Model/Materials
  artifactKey: Guid(38e9d43859e87ea40a7cccb499acc427) Importer(815301076,1909f56bfc062723c751e8b465ee728b)
Start importing Assets/Low Poly Tree/Model/Materials using Guid(38e9d43859e87ea40a7cccb499acc427) Importer(815301076,1909f56bfc062723c751e8b465ee728b)  -> (artifact id: 'a519e2d2dd9cedb740594837ec75d267') in 0.006625 seconds 
========================================================================
Received Import Request.
  Time since last request: 0.054701 seconds.
  path: Assets/Low Poly Tree/Model/Materials/defaultMat.mat
  artifactKey: Guid(ca9585d5619605743b44f476de077ae1) Importer(815301076,1909f56bfc062723c751e8b465ee728b)
Start importing Assets/Low Poly Tree/Model/Materials/defaultMat.mat using Guid(ca9585d5619605743b44f476de077ae1) Importer(815301076,1909f56bfc062723c751e8b465ee728b)  -> (artifact id: '296f6cc050a5efcaa2621649ed5e33b8') in 0.017386 seconds 
========================================================================
Received Import Request.
  Time since last request: 6.172063 seconds.
  path: Assets/Low Poly Tree/Textures
  artifactKey: Guid(e9e89533060464f46a3a16ae9fc6d80e) Importer(815301076,1909f56bfc062723c751e8b465ee728b)
Start importing Assets/Low Poly Tree/Textures using Guid(e9e89533060464f46a3a16ae9fc6d80e) Importer(815301076,1909f56bfc062723c751e8b465ee728b)  -> (artifact id: '4e5c3661419f1adec1908d59bbdb820a') in 0.008174 seconds 
========================================================================
Received Import Request.
  Time since last request: 0.055919 seconds.
  path: Assets/Low Poly Tree/Textures/Leaves01.tga
  artifactKey: Guid(388dfa716782ba94c9fb10b6aa46393e) Importer(815301076,1909f56bfc062723c751e8b465ee728b)
Start importing Assets/Low Poly Tree/Textures/Leaves01.tga using Guid(388dfa716782ba94c9fb10b6aa46393e) Importer(815301076,1909f56bfc062723c751e8b465ee728b)  -> (artifact id: '061cef6f765ca1c9118169527292df43') in 0.039538 seconds 
========================================================================
Received Import Request.
  Time since last request: 0.000028 seconds.
  path: Assets/Low Poly Tree/Textures/Wood01.png
  artifactKey: Guid(10aecc59dc50a4d89b7abe80215c4751) Importer(815301076,1909f56bfc062723c751e8b465ee728b)
Start importing Assets/Low Poly Tree/Textures/Wood01.png using Guid(10aecc59dc50a4d89b7abe80215c4751) Importer(815301076,1909f56bfc062723c751e8b465ee728b)  -> (artifact id: 'eed53a906803c8f546b329294e4a1043') in 0.030366 seconds 
========================================================================
Received Import Request.
  Time since last request: 0.000029 seconds.
  path: Assets/Low Poly Tree/Textures/Leaves05.tga
  artifactKey: Guid(5e088ec89b19a41ec97965c9c83d4c68) Importer(815301076,1909f56bfc062723c751e8b465ee728b)
Start importing Assets/Low Poly Tree/Textures/Leaves05.tga using Guid(5e088ec89b19a41ec97965c9c83d4c68) Importer(815301076,1909f56bfc062723c751e8b465ee728b)  -> (artifact id: '84fcfba9154edaf1bd815b86b0cd3fc4') in 0.029440 seconds 
========================================================================
Received Import Request.
  Time since last request: 10.304685 seconds.
  path: Assets/Low Poly Tree/Tree.fbx
  artifactKey: Guid(756e2b7657ad4c141b1521a92ef02e3d) Importer(815301076,1909f56bfc062723c751e8b465ee728b)
Start importing Assets/Low Poly Tree/Tree.fbx using Guid(756e2b7657ad4c141b1521a92ef02e3d) Importer(815301076,1909f56bfc062723c751e8b465ee728b)  -> (artifact id: '341deb6b00a38f023db8592a258003de') in 0.067816 seconds 
========================================================================
Received Import Request.
  Time since last request: 7.298900 seconds.
  path: Assets/Low Poly Tree/Tree.fbx
  artifactKey: Guid(756e2b7657ad4c141b1521a92ef02e3d) Importer(815301076,1909f56bfc062723c751e8b465ee728b)
Start importing Assets/Low Poly Tree/Tree.fbx using Guid(756e2b7657ad4c141b1521a92ef02e3d) Importer(815301076,1909f56bfc062723c751e8b465ee728b)  -> (artifact id: '18d86d38bfc12593a9f3aff4be59b919') in 0.051418 seconds 
========================================================================
Received Prepare
Registering precompiled user dll's ...
Registered in 0.005861 seconds.
Begin MonoManager ReloadAssembly
Symbol file LoadedFromMemory doesn't match image D:\FinalFarmingGame\FinalFarming\Library\PackageCache\com.unity.visualscripting@1.7.8\Editor\VisualScripting.Core\Dependencies\YamlDotNet\Unity.VisualScripting.YamlDotNet.dll
Symbol file LoadedFromMemory doesn't match image D:\FinalFarmingGame\FinalFarming\Library\PackageCache\com.unity.visualscripting@1.7.8\Editor\VisualScripting.Core\Dependencies\DotNetZip\Unity.VisualScripting.IonicZip.dll
Native extension for WindowsStandalone target not found
Native extension for Android target not found
Refreshing native plugins compatible for Editor in 0.60 ms, found 3 plugins.
Preloading 0 native plugins for Editor in 0.00 ms.
Mono: successfully reloaded assembly
- Completed reload, in  1.192 seconds
Domain Reload Profiling:
	ReloadAssembly (1192ms)
		BeginReloadAssembly (168ms)
			ExecutionOrderSort (0ms)
			DisableScriptedObjects (6ms)
			BackupInstance (0ms)
			ReleaseScriptingObjects (0ms)
			CreateAndSetChildDomain (41ms)
		EndReloadAssembly (903ms)
			LoadAssemblies (107ms)
			RebuildTransferFunctionScriptingTraits (0ms)
			SetupTypeCache (324ms)
				TypeCache.Initialize (319ms)
					TypeCache.ScanAssembly (314ms)
				ResolveRequiredComponents (5ms)
			ReleaseScriptCaches (1ms)
			RebuildScriptCaches (46ms)
			SetupLoadedEditorAssemblies (387ms)
				LogAssemblyErrors (0ms)
				InitializePlatformSupportModulesInManaged (28ms)
				SetLoadedEditorAssemblies (10ms)
				RefreshPlugins (1ms)
				BeforeProcessingInitializeOnLoad (84ms)
				ProcessInitializeOnLoadAttributes (229ms)
				ProcessInitializeOnLoadMethodAttributes (27ms)
				AfterProcessingInitializeOnLoad (9ms)
				EditorAssembliesLoaded (0ms)
			ExecutionOrderSort2 (0ms)
			AwakeInstancesAfterBackupRestoration (6ms)
Platform modules already initialized, skipping
Refreshing native plugins compatible for Editor in 1.49 ms, found 3 plugins.
Preloading 0 native plugins for Editor in 0.00 ms.
Unloading 3395 Unused Serialized files (Serialized files now loaded: 0)
Unloading 18 unused Assets / (24.6 KB). Loaded Objects now: 3916.
Memory consumption went from 0.51 GB to 0.51 GB.
Total: 3.434600 ms (FindLiveObjects: 0.253200 ms CreateObjectMapping: 0.177900 ms MarkObjects: 2.980900 ms  DeleteObjects: 0.021700 ms)

AssetImportParameters requested are different than current active one (requested -> active):
  custom:video-decoder-ogg-theora: a1e56fd34408186e4bbccfd4996cb3dc -> 
  custom:container-muxer-webm: aa71ff27fc2769a1b78a27578f13a17b -> 
  custom:container-demuxer-webm: 4f35f7cbe854078d1ac9338744f61a02 -> 
  custom:video-encoder-webm-vp8: eb34c28f22e8b96e1ab97ce403110664 -> 
  custom:audio-encoder-webm-vorbis: bf7c407c2cedff20999df2af8eb42d56 -> 
  custom:framework-win-MediaFoundation: 216162199b28c13a410421893ffa2e32 -> 
  custom:container-demuxer-ogg: 62fdf1f143b41e24485cea50d1cbac27 -> 
  custom:video-decoder-webm-vp8: 9c59270c3fd7afecdb556c50c9e8de78 -> 
  custom:audio-decoder-ogg-vorbis: bf7c407c2cedff20999df2af8eb42d56 -> 
========================================================================
Received Import Request.
  Time since last request: 3324.759864 seconds.
  path: Assets/BrokenVector/LowPolyFencePack
  artifactKey: Guid(4676b307259bbc947b4975643cad8fe3) Importer(815301076,1909f56bfc062723c751e8b465ee728b)
Start importing Assets/BrokenVector/LowPolyFencePack using Guid(4676b307259bbc947b4975643cad8fe3) Importer(815301076,1909f56bfc062723c751e8b465ee728b)  -> (artifact id: '41f3d756d7392671331ed4a9e11f5e05') in 0.011514 seconds 
========================================================================
Received Import Request.
  Time since last request: 1.127072 seconds.
  path: Assets/BrokenVector/LowPolyFencePack/Scenes
  artifactKey: Guid(bcbf24c9f12ee604ea1d78b54491f5d1) Importer(815301076,1909f56bfc062723c751e8b465ee728b)
Start importing Assets/BrokenVector/LowPolyFencePack/Scenes using Guid(bcbf24c9f12ee604ea1d78b54491f5d1) Importer(815301076,1909f56bfc062723c751e8b465ee728b)  -> (artifact id: '8e62b20cf0227ce957bff26da30e2aa0') in 0.011016 seconds 
========================================================================
Received Import Request.
  Time since last request: 1.992735 seconds.
  path: Assets/BrokenVector/LowPolyFencePack/Models
  artifactKey: Guid(29d623a3fc8d4e04a8e1158958eb6f3e) Importer(815301076,1909f56bfc062723c751e8b465ee728b)
Start importing Assets/BrokenVector/LowPolyFencePack/Models using Guid(29d623a3fc8d4e04a8e1158958eb6f3e) Importer(815301076,1909f56bfc062723c751e8b465ee728b)  -> (artifact id: '288841ebe08663f181e8215dbaa68a46') in 0.005682 seconds 
========================================================================
Received Import Request.
  Time since last request: 0.078443 seconds.
  path: Assets/BrokenVector/LowPolyFencePack/Models/Fence Type1 01.dae
  artifactKey: Guid(607fa0a0a8b6097479348b4480edc606) Importer(815301076,1909f56bfc062723c751e8b465ee728b)
Start importing Assets/BrokenVector/LowPolyFencePack/Models/Fence Type1 01.dae using Guid(607fa0a0a8b6097479348b4480edc606) Importer(815301076,1909f56bfc062723c751e8b465ee728b)  -> (artifact id: '0e0ad0fb1ea21a8d04ff9ce0bdde685b') in 0.118906 seconds 
========================================================================
Received Import Request.
  Time since last request: 0.000022 seconds.
  path: Assets/BrokenVector/LowPolyFencePack/Models/Fence Type3 Door.fbx
  artifactKey: Guid(d70931b351fe10a45a0bfc07fd362a1b) Importer(815301076,1909f56bfc062723c751e8b465ee728b)
Start importing Assets/BrokenVector/LowPolyFencePack/Models/Fence Type3 Door.fbx using Guid(d70931b351fe10a45a0bfc07fd362a1b) Importer(815301076,1909f56bfc062723c751e8b465ee728b)  -> (artifact id: '3057d03f263747d62a92594c65759e19') in 0.060569 seconds 
========================================================================
Received Import Request.
  Time since last request: 0.000021 seconds.
  path: Assets/BrokenVector/LowPolyFencePack/Models/Fence Type2 03.dae
  artifactKey: Guid(d48bf2190ea9990478b126e5e2540a8d) Importer(815301076,1909f56bfc062723c751e8b465ee728b)
Start importing Assets/BrokenVector/LowPolyFencePack/Models/Fence Type2 03.dae using Guid(d48bf2190ea9990478b126e5e2540a8d) Importer(815301076,1909f56bfc062723c751e8b465ee728b)  -> (artifact id: 'a259f4d65e8f5e538666e548f92519f5') in 0.037251 seconds 
========================================================================
Received Import Request.
  Time since last request: 0.000059 seconds.
  path: Assets/BrokenVector/LowPolyFencePack/Models/Fence Type4 Big.dae
  artifactKey: Guid(73b1ed3ef1428a24787cba8b7d5ac6b1) Importer(815301076,1909f56bfc062723c751e8b465ee728b)
Start importing Assets/BrokenVector/LowPolyFencePack/Models/Fence Type4 Big.dae using Guid(73b1ed3ef1428a24787cba8b7d5ac6b1) Importer(815301076,1909f56bfc062723c751e8b465ee728b)  -> (artifact id: 'bbd19e8d52b7a1d48d83c5ec25a07b47') in 0.031413 seconds 
========================================================================
Received Import Request.
  Time since last request: 0.000058 seconds.
  path: Assets/BrokenVector/LowPolyFencePack/Models/Fence Type1 Door.fbx
  artifactKey: Guid(3bd29fe4ed3569940ac7518a56a0adfe) Importer(815301076,1909f56bfc062723c751e8b465ee728b)
Start importing Assets/BrokenVector/LowPolyFencePack/Models/Fence Type1 Door.fbx using Guid(3bd29fe4ed3569940ac7518a56a0adfe) Importer(815301076,1909f56bfc062723c751e8b465ee728b)  -> (artifact id: '697937f0dd80f007bc2ca6def4a65644') in 0.038346 seconds 
========================================================================
Received Import Request.
  Time since last request: 0.000036 seconds.
  path: Assets/BrokenVector/LowPolyFencePack/Models/Fence Type2 02.dae
  artifactKey: Guid(e5af5116aa5f71b4fb5f5ffc3443447d) Importer(815301076,1909f56bfc062723c751e8b465ee728b)
Start importing Assets/BrokenVector/LowPolyFencePack/Models/Fence Type2 02.dae using Guid(e5af5116aa5f71b4fb5f5ffc3443447d) Importer(815301076,1909f56bfc062723c751e8b465ee728b)  -> (artifact id: '33a5f7a814c43d6dcb5a04b90da8e255') in 0.032813 seconds 
========================================================================
Received Import Request.
  Time since last request: 0.000022 seconds.
  path: Assets/BrokenVector/LowPolyFencePack/Models/Fence Type2 01.dae
  artifactKey: Guid(836c223527ea5104ea614a4dc350d6f8) Importer(815301076,1909f56bfc062723c751e8b465ee728b)
Start importing Assets/BrokenVector/LowPolyFencePack/Models/Fence Type2 01.dae using Guid(836c223527ea5104ea614a4dc350d6f8) Importer(815301076,1909f56bfc062723c751e8b465ee728b)  -> (artifact id: '5120acdd6e468da0d30cf629f4edc6e0') in 0.031459 seconds 
========================================================================
Received Import Request.
  Time since last request: 0.000031 seconds.
  path: Assets/BrokenVector/LowPolyFencePack/Models/Fence Type2 Door.fbx
  artifactKey: Guid(919734941a900d24090f2925025373f2) Importer(815301076,1909f56bfc062723c751e8b465ee728b)
Start importing Assets/BrokenVector/LowPolyFencePack/Models/Fence Type2 Door.fbx using Guid(919734941a900d24090f2925025373f2) Importer(815301076,1909f56bfc062723c751e8b465ee728b)  -> (artifact id: '00e7e407186d91490e2aa32aed96fa86') in 0.048741 seconds 
========================================================================
Received Import Request.
  Time since last request: 0.000032 seconds.
  path: Assets/BrokenVector/LowPolyFencePack/Models/Fence Type4 Small.dae
  artifactKey: Guid(6a52aea886ff71343a7b3ac3ec6dfd92) Importer(815301076,1909f56bfc062723c751e8b465ee728b)
Start importing Assets/BrokenVector/LowPolyFencePack/Models/Fence Type4 Small.dae using Guid(6a52aea886ff71343a7b3ac3ec6dfd92) Importer(815301076,1909f56bfc062723c751e8b465ee728b)  -> (artifact id: '9b7da8a9024783556407911f538fa1c1') in 0.033724 seconds 
========================================================================
Received Import Request.
  Time since last request: 5.425673 seconds.
  path: Assets/BrokenVector/LowPolyFencePack/Prefabs/Fence Type1 02.prefab
  artifactKey: Guid(d4f06407f06d8cf41b643015132cafca) Importer(815301076,1909f56bfc062723c751e8b465ee728b)
Start importing Assets/BrokenVector/LowPolyFencePack/Prefabs/Fence Type1 02.prefab using Guid(d4f06407f06d8cf41b643015132cafca) Importer(815301076,1909f56bfc062723c751e8b465ee728b)  -> (artifact id: '1ec95b47bd764bdada0e6e1a6d0c7e37') in 0.022026 seconds 
========================================================================
Received Import Request.
  Time since last request: 0.000025 seconds.
  path: Assets/BrokenVector/LowPolyFencePack/Prefabs/Fence Type2 02.prefab
  artifactKey: Guid(c107d6218da3747479b38075e3042255) Importer(815301076,1909f56bfc062723c751e8b465ee728b)
Start importing Assets/BrokenVector/LowPolyFencePack/Prefabs/Fence Type2 02.prefab using Guid(c107d6218da3747479b38075e3042255) Importer(815301076,1909f56bfc062723c751e8b465ee728b)  -> (artifact id: '3f06c037e873fed8883b282d6f281863') in 0.019074 seconds 
========================================================================
Received Import Request.
  Time since last request: 0.000019 seconds.
  path: Assets/BrokenVector/LowPolyFencePack/Prefabs/Fence Type6 Big.prefab
  artifactKey: Guid(ac1f0ef7b8bec92458549c915b3114b7) Importer(815301076,1909f56bfc062723c751e8b465ee728b)
Start importing Assets/BrokenVector/LowPolyFencePack/Prefabs/Fence Type6 Big.prefab using Guid(ac1f0ef7b8bec92458549c915b3114b7) Importer(815301076,1909f56bfc062723c751e8b465ee728b)  -> (artifact id: 'e95e23c72eb5e928608fa3c927fed9a4') in 0.016811 seconds 
========================================================================
Received Import Request.
  Time since last request: 0.000046 seconds.
  path: Assets/BrokenVector/LowPolyFencePack/Prefabs/Fence Type4 Big.prefab
  artifactKey: Guid(6c7e01809ee343847a660faeaa78d718) Importer(815301076,1909f56bfc062723c751e8b465ee728b)
Start importing Assets/BrokenVector/LowPolyFencePack/Prefabs/Fence Type4 Big.prefab using Guid(6c7e01809ee343847a660faeaa78d718) Importer(815301076,1909f56bfc062723c751e8b465ee728b)  -> (artifact id: '4539d6249930c7096eed56cc15c2785d') in 0.055666 seconds 
========================================================================
Received Import Request.
  Time since last request: 0.000031 seconds.
  path: Assets/BrokenVector/LowPolyFencePack/Prefabs/Fence Type4 Small.prefab
  artifactKey: Guid(da8e893168526164591f81d60c0e06b1) Importer(815301076,1909f56bfc062723c751e8b465ee728b)
Start importing Assets/BrokenVector/LowPolyFencePack/Prefabs/Fence Type4 Small.prefab using Guid(da8e893168526164591f81d60c0e06b1) Importer(815301076,1909f56bfc062723c751e8b465ee728b)  -> (artifact id: 'aafaa0dd6fd2d4b662b8dd29d18511c9') in 0.016955 seconds 
========================================================================
Received Import Request.
  Time since last request: 0.000019 seconds.
  path: Assets/BrokenVector/LowPolyFencePack/Prefabs/Fence Type5 Small.prefab
  artifactKey: Guid(a14aa485a8d4afa46a5e7e72b745ad92) Importer(815301076,1909f56bfc062723c751e8b465ee728b)
Start importing Assets/BrokenVector/LowPolyFencePack/Prefabs/Fence Type5 Small.prefab using Guid(a14aa485a8d4afa46a5e7e72b745ad92) Importer(815301076,1909f56bfc062723c751e8b465ee728b)  -> (artifact id: '3684eec34cb01b718c545fc10deae67f') in 0.019022 seconds 
========================================================================
Received Import Request.
  Time since last request: 30.623633 seconds.
  path: Assets/BrokenVector/LowPolyFencePack/Materials/Yellow Wood.mat
  artifactKey: Guid(ec2b0ecd91bd412439a8bab0d5f8a62d) Importer(815301076,1909f56bfc062723c751e8b465ee728b)
Start importing Assets/BrokenVector/LowPolyFencePack/Materials/Yellow Wood.mat using Guid(ec2b0ecd91bd412439a8bab0d5f8a62d) Importer(815301076,1909f56bfc062723c751e8b465ee728b)  -> (artifact id: '7e98a878a5e5ee4d19a826e424b2b424') in 0.037640 seconds 
========================================================================
Received Prepare
Registering precompiled user dll's ...
Registered in 0.004315 seconds.
Begin MonoManager ReloadAssembly
Symbol file LoadedFromMemory doesn't match image D:\FinalFarmingGame\FinalFarming\Library\PackageCache\com.unity.visualscripting@1.7.8\Editor\VisualScripting.Core\Dependencies\YamlDotNet\Unity.VisualScripting.YamlDotNet.dll
Symbol file LoadedFromMemory doesn't match image D:\FinalFarmingGame\FinalFarming\Library\PackageCache\com.unity.visualscripting@1.7.8\Editor\VisualScripting.Core\Dependencies\DotNetZip\Unity.VisualScripting.IonicZip.dll
Native extension for WindowsStandalone target not found
Native extension for Android target not found
Refreshing native plugins compatible for Editor in 0.64 ms, found 3 plugins.
Preloading 0 native plugins for Editor in 0.00 ms.
Mono: successfully reloaded assembly
- Completed reload, in  1.428 seconds
Domain Reload Profiling:
	ReloadAssembly (1430ms)
		BeginReloadAssembly (275ms)
			ExecutionOrderSort (0ms)
			DisableScriptedObjects (19ms)
			BackupInstance (0ms)
			ReleaseScriptingObjects (0ms)
			CreateAndSetChildDomain (108ms)
		EndReloadAssembly (1036ms)
			LoadAssemblies (117ms)
			RebuildTransferFunctionScriptingTraits (0ms)
			SetupTypeCache (344ms)
				TypeCache.Initialize (337ms)
					TypeCache.ScanAssembly (329ms)
				ResolveRequiredComponents (7ms)
			ReleaseScriptCaches (1ms)
			RebuildScriptCaches (58ms)
			SetupLoadedEditorAssemblies (464ms)
				LogAssemblyErrors (0ms)
				InitializePlatformSupportModulesInManaged (30ms)
				SetLoadedEditorAssemblies (9ms)
				RefreshPlugins (1ms)
				BeforeProcessingInitializeOnLoad (81ms)
				ProcessInitializeOnLoadAttributes (290ms)
				ProcessInitializeOnLoadMethodAttributes (42ms)
				AfterProcessingInitializeOnLoad (11ms)
				EditorAssembliesLoaded (0ms)
			ExecutionOrderSort2 (0ms)
			AwakeInstancesAfterBackupRestoration (7ms)
Platform modules already initialized, skipping
Refreshing native plugins compatible for Editor in 1.36 ms, found 3 plugins.
Preloading 0 native plugins for Editor in 0.00 ms.
Unloading 3442 Unused Serialized files (Serialized files now loaded: 0)
Unloading 31 unused Assets / (0.7 MB). Loaded Objects now: 3954.
Memory consumption went from 0.52 GB to 0.52 GB.
Total: 3.981300 ms (FindLiveObjects: 0.263000 ms CreateObjectMapping: 0.204200 ms MarkObjects: 3.214600 ms  DeleteObjects: 0.298900 ms)

AssetImportParameters requested are different than current active one (requested -> active):
  custom:video-decoder-ogg-theora: a1e56fd34408186e4bbccfd4996cb3dc -> 
  custom:container-muxer-webm: aa71ff27fc2769a1b78a27578f13a17b -> 
  custom:container-demuxer-webm: 4f35f7cbe854078d1ac9338744f61a02 -> 
  custom:video-encoder-webm-vp8: eb34c28f22e8b96e1ab97ce403110664 -> 
  custom:audio-encoder-webm-vorbis: bf7c407c2cedff20999df2af8eb42d56 -> 
  custom:framework-win-MediaFoundation: 216162199b28c13a410421893ffa2e32 -> 
  custom:container-demuxer-ogg: 62fdf1f143b41e24485cea50d1cbac27 -> 
  custom:video-decoder-webm-vp8: 9c59270c3fd7afecdb556c50c9e8de78 -> 
  custom:audio-decoder-ogg-vorbis: bf7c407c2cedff20999df2af8eb42d56 -> 
========================================================================
Received Prepare
Registering precompiled user dll's ...
Registered in 0.003848 seconds.
Begin MonoManager ReloadAssembly
Symbol file LoadedFromMemory doesn't match image D:\FinalFarmingGame\FinalFarming\Library\PackageCache\com.unity.visualscripting@1.7.8\Editor\VisualScripting.Core\Dependencies\YamlDotNet\Unity.VisualScripting.YamlDotNet.dll
Symbol file LoadedFromMemory doesn't match image D:\FinalFarmingGame\FinalFarming\Library\PackageCache\com.unity.visualscripting@1.7.8\Editor\VisualScripting.Core\Dependencies\DotNetZip\Unity.VisualScripting.IonicZip.dll
Native extension for WindowsStandalone target not found
Native extension for Android target not found
Refreshing native plugins compatible for Editor in 0.61 ms, found 3 plugins.
Preloading 0 native plugins for Editor in 0.00 ms.
Mono: successfully reloaded assembly
- Completed reload, in  1.157 seconds
Domain Reload Profiling:
	ReloadAssembly (1158ms)
		BeginReloadAssembly (151ms)
			ExecutionOrderSort (0ms)
			DisableScriptedObjects (6ms)
			BackupInstance (0ms)
			ReleaseScriptingObjects (0ms)
			CreateAndSetChildDomain (42ms)
		EndReloadAssembly (887ms)
			LoadAssemblies (94ms)
			RebuildTransferFunctionScriptingTraits (0ms)
			SetupTypeCache (306ms)
				TypeCache.Initialize (301ms)
					TypeCache.ScanAssembly (296ms)
				ResolveRequiredComponents (5ms)
			ReleaseScriptCaches (1ms)
			RebuildScriptCaches (42ms)
			SetupLoadedEditorAssemblies (395ms)
				LogAssemblyErrors (0ms)
				InitializePlatformSupportModulesInManaged (26ms)
				SetLoadedEditorAssemblies (9ms)
				RefreshPlugins (1ms)
				BeforeProcessingInitializeOnLoad (77ms)
				ProcessInitializeOnLoadAttributes (243ms)
				ProcessInitializeOnLoadMethodAttributes (30ms)
				AfterProcessingInitializeOnLoad (10ms)
				EditorAssembliesLoaded (0ms)
			ExecutionOrderSort2 (0ms)
			AwakeInstancesAfterBackupRestoration (7ms)
Platform modules already initialized, skipping
Refreshing native plugins compatible for Editor in 1.34 ms, found 3 plugins.
Preloading 0 native plugins for Editor in 0.00 ms.
Unloading 3443 Unused Serialized files (Serialized files now loaded: 0)
Unloading 31 unused Assets / (0.7 MB). Loaded Objects now: 3958.
Memory consumption went from 0.52 GB to 0.52 GB.
Total: 3.556300 ms (FindLiveObjects: 0.365000 ms CreateObjectMapping: 0.259800 ms MarkObjects: 2.634800 ms  DeleteObjects: 0.295500 ms)

AssetImportParameters requested are different than current active one (requested -> active):
  custom:video-decoder-ogg-theora: a1e56fd34408186e4bbccfd4996cb3dc -> 
  custom:container-muxer-webm: aa71ff27fc2769a1b78a27578f13a17b -> 
  custom:container-demuxer-webm: 4f35f7cbe854078d1ac9338744f61a02 -> 
  custom:video-encoder-webm-vp8: eb34c28f22e8b96e1ab97ce403110664 -> 
  custom:audio-encoder-webm-vorbis: bf7c407c2cedff20999df2af8eb42d56 -> 
  custom:framework-win-MediaFoundation: 216162199b28c13a410421893ffa2e32 -> 
  custom:container-demuxer-ogg: 62fdf1f143b41e24485cea50d1cbac27 -> 
  custom:video-decoder-webm-vp8: 9c59270c3fd7afecdb556c50c9e8de78 -> 
  custom:audio-decoder-ogg-vorbis: bf7c407c2cedff20999df2af8eb42d56 -> 
========================================================================
Received Prepare
Registering precompiled user dll's ...
Registered in 0.004386 seconds.
Begin MonoManager ReloadAssembly
Symbol file LoadedFromMemory doesn't match image D:\FinalFarmingGame\FinalFarming\Library\PackageCache\com.unity.visualscripting@1.7.8\Editor\VisualScripting.Core\Dependencies\YamlDotNet\Unity.VisualScripting.YamlDotNet.dll
Symbol file LoadedFromMemory doesn't match image D:\FinalFarmingGame\FinalFarming\Library\PackageCache\com.unity.visualscripting@1.7.8\Editor\VisualScripting.Core\Dependencies\DotNetZip\Unity.VisualScripting.IonicZip.dll
Native extension for WindowsStandalone target not found
Native extension for Android target not found
Refreshing native plugins compatible for Editor in 0.53 ms, found 3 plugins.
Preloading 0 native plugins for Editor in 0.00 ms.
Mono: successfully reloaded assembly
- Completed reload, in  1.147 seconds
Domain Reload Profiling:
	ReloadAssembly (1148ms)
		BeginReloadAssembly (145ms)
			ExecutionOrderSort (0ms)
			DisableScriptedObjects (6ms)
			BackupInstance (0ms)
			ReleaseScriptingObjects (0ms)
			CreateAndSetChildDomain (38ms)
		EndReloadAssembly (892ms)
			LoadAssemblies (100ms)
			RebuildTransferFunctionScriptingTraits (0ms)
			SetupTypeCache (338ms)
				TypeCache.Initialize (333ms)
					TypeCache.ScanAssembly (326ms)
				ResolveRequiredComponents (5ms)
			ReleaseScriptCaches (1ms)
			RebuildScriptCaches (43ms)
			SetupLoadedEditorAssemblies (369ms)
				LogAssemblyErrors (0ms)
				InitializePlatformSupportModulesInManaged (25ms)
				SetLoadedEditorAssemblies (9ms)
				RefreshPlugins (1ms)
				BeforeProcessingInitializeOnLoad (72ms)
				ProcessInitializeOnLoadAttributes (225ms)
				ProcessInitializeOnLoadMethodAttributes (28ms)
				AfterProcessingInitializeOnLoad (9ms)
				EditorAssembliesLoaded (0ms)
			ExecutionOrderSort2 (0ms)
			AwakeInstancesAfterBackupRestoration (7ms)
Platform modules already initialized, skipping
Refreshing native plugins compatible for Editor in 1.34 ms, found 3 plugins.
Preloading 0 native plugins for Editor in 0.00 ms.
Unloading 3443 Unused Serialized files (Serialized files now loaded: 0)
Unloading 31 unused Assets / (0.7 MB). Loaded Objects now: 3961.
Memory consumption went from 0.52 GB to 0.52 GB.
Total: 3.350100 ms (FindLiveObjects: 0.234600 ms CreateObjectMapping: 0.162700 ms MarkObjects: 2.676300 ms  DeleteObjects: 0.275600 ms)

AssetImportParameters requested are different than current active one (requested -> active):
  custom:video-decoder-ogg-theora: a1e56fd34408186e4bbccfd4996cb3dc -> 
  custom:container-muxer-webm: aa71ff27fc2769a1b78a27578f13a17b -> 
  custom:container-demuxer-webm: 4f35f7cbe854078d1ac9338744f61a02 -> 
  custom:video-encoder-webm-vp8: eb34c28f22e8b96e1ab97ce403110664 -> 
  custom:audio-encoder-webm-vorbis: bf7c407c2cedff20999df2af8eb42d56 -> 
  custom:framework-win-MediaFoundation: 216162199b28c13a410421893ffa2e32 -> 
  custom:container-demuxer-ogg: 62fdf1f143b41e24485cea50d1cbac27 -> 
  custom:video-decoder-webm-vp8: 9c59270c3fd7afecdb556c50c9e8de78 -> 
  custom:audio-decoder-ogg-vorbis: bf7c407c2cedff20999df2af8eb42d56 -> 
========================================================================
Received Prepare
Registering precompiled user dll's ...
Registered in 0.004179 seconds.
Begin MonoManager ReloadAssembly
Symbol file LoadedFromMemory doesn't match image D:\FinalFarmingGame\FinalFarming\Library\PackageCache\com.unity.visualscripting@1.7.8\Editor\VisualScripting.Core\Dependencies\YamlDotNet\Unity.VisualScripting.YamlDotNet.dll
Symbol file LoadedFromMemory doesn't match image D:\FinalFarmingGame\FinalFarming\Library\PackageCache\com.unity.visualscripting@1.7.8\Editor\VisualScripting.Core\Dependencies\DotNetZip\Unity.VisualScripting.IonicZip.dll
Native extension for WindowsStandalone target not found
Native extension for Android target not found
Refreshing native plugins compatible for Editor in 0.65 ms, found 3 plugins.
Preloading 0 native plugins for Editor in 0.00 ms.
Mono: successfully reloaded assembly
- Completed reload, in  1.200 seconds
Domain Reload Profiling:
	ReloadAssembly (1201ms)
		BeginReloadAssembly (151ms)
			ExecutionOrderSort (0ms)
			DisableScriptedObjects (7ms)
			BackupInstance (0ms)
			ReleaseScriptingObjects (0ms)
			CreateAndSetChildDomain (40ms)
		EndReloadAssembly (940ms)
			LoadAssemblies (94ms)
			RebuildTransferFunctionScriptingTraits (0ms)
			SetupTypeCache (305ms)
				TypeCache.Initialize (300ms)
					TypeCache.ScanAssembly (292ms)
				ResolveRequiredComponents (5ms)
			ReleaseScriptCaches (1ms)
			RebuildScriptCaches (51ms)
			SetupLoadedEditorAssemblies (436ms)
				LogAssemblyErrors (0ms)
				InitializePlatformSupportModulesInManaged (25ms)
				SetLoadedEditorAssemblies (9ms)
				RefreshPlugins (1ms)
				BeforeProcessingInitializeOnLoad (86ms)
				ProcessInitializeOnLoadAttributes (271ms)
				ProcessInitializeOnLoadMethodAttributes (34ms)
				AfterProcessingInitializeOnLoad (10ms)
				EditorAssembliesLoaded (0ms)
			ExecutionOrderSort2 (0ms)
			AwakeInstancesAfterBackupRestoration (7ms)
Platform modules already initialized, skipping
Refreshing native plugins compatible for Editor in 1.50 ms, found 3 plugins.
Preloading 0 native plugins for Editor in 0.00 ms.
Unloading 3443 Unused Serialized files (Serialized files now loaded: 0)
Unloading 31 unused Assets / (0.7 MB). Loaded Objects now: 3964.
Memory consumption went from 0.52 GB to 0.52 GB.
Total: 3.661600 ms (FindLiveObjects: 0.260900 ms CreateObjectMapping: 0.188800 ms MarkObjects: 2.767600 ms  DeleteObjects: 0.443400 ms)

AssetImportParameters requested are different than current active one (requested -> active):
  custom:video-decoder-ogg-theora: a1e56fd34408186e4bbccfd4996cb3dc -> 
  custom:container-muxer-webm: aa71ff27fc2769a1b78a27578f13a17b -> 
  custom:container-demuxer-webm: 4f35f7cbe854078d1ac9338744f61a02 -> 
  custom:video-encoder-webm-vp8: eb34c28f22e8b96e1ab97ce403110664 -> 
  custom:audio-encoder-webm-vorbis: bf7c407c2cedff20999df2af8eb42d56 -> 
  custom:framework-win-MediaFoundation: 216162199b28c13a410421893ffa2e32 -> 
  custom:container-demuxer-ogg: 62fdf1f143b41e24485cea50d1cbac27 -> 
  custom:video-decoder-webm-vp8: 9c59270c3fd7afecdb556c50c9e8de78 -> 
  custom:audio-decoder-ogg-vorbis: bf7c407c2cedff20999df2af8eb42d56 -> 
========================================================================
Received Prepare
Registering precompiled user dll's ...
Registered in 0.005287 seconds.
Begin MonoManager ReloadAssembly
Symbol file LoadedFromMemory doesn't match image D:\FinalFarmingGame\FinalFarming\Library\PackageCache\com.unity.visualscripting@1.7.8\Editor\VisualScripting.Core\Dependencies\YamlDotNet\Unity.VisualScripting.YamlDotNet.dll
Symbol file LoadedFromMemory doesn't match image D:\FinalFarmingGame\FinalFarming\Library\PackageCache\com.unity.visualscripting@1.7.8\Editor\VisualScripting.Core\Dependencies\DotNetZip\Unity.VisualScripting.IonicZip.dll
Native extension for WindowsStandalone target not found
Native extension for Android target not found
Refreshing native plugins compatible for Editor in 1.09 ms, found 3 plugins.
Preloading 0 native plugins for Editor in 0.00 ms.
Mono: successfully reloaded assembly
- Completed reload, in  1.203 seconds
Domain Reload Profiling:
	ReloadAssembly (1203ms)
		BeginReloadAssembly (147ms)
			ExecutionOrderSort (0ms)
			DisableScriptedObjects (6ms)
			BackupInstance (0ms)
			ReleaseScriptingObjects (0ms)
			CreateAndSetChildDomain (37ms)
		EndReloadAssembly (942ms)
			LoadAssemblies (98ms)
			RebuildTransferFunctionScriptingTraits (0ms)
			SetupTypeCache (330ms)
				TypeCache.Initialize (324ms)
					TypeCache.ScanAssembly (318ms)
				ResolveRequiredComponents (6ms)
			ReleaseScriptCaches (1ms)
			RebuildScriptCaches (49ms)
			SetupLoadedEditorAssemblies (405ms)
				LogAssemblyErrors (0ms)
				InitializePlatformSupportModulesInManaged (23ms)
				SetLoadedEditorAssemblies (10ms)
				RefreshPlugins (1ms)
				BeforeProcessingInitializeOnLoad (79ms)
				ProcessInitializeOnLoadAttributes (243ms)
				ProcessInitializeOnLoadMethodAttributes (38ms)
				AfterProcessingInitializeOnLoad (10ms)
				EditorAssembliesLoaded (0ms)
			ExecutionOrderSort2 (0ms)
			AwakeInstancesAfterBackupRestoration (8ms)
Platform modules already initialized, skipping
Refreshing native plugins compatible for Editor in 2.19 ms, found 3 plugins.
Preloading 0 native plugins for Editor in 0.00 ms.
Unloading 3443 Unused Serialized files (Serialized files now loaded: 0)
Unloading 31 unused Assets / (0.7 MB). Loaded Objects now: 3967.
Memory consumption went from 0.52 GB to 0.52 GB.
Total: 4.640200 ms (FindLiveObjects: 0.380700 ms CreateObjectMapping: 0.317400 ms MarkObjects: 3.459200 ms  DeleteObjects: 0.481700 ms)

AssetImportParameters requested are different than current active one (requested -> active):
  custom:video-decoder-ogg-theora: a1e56fd34408186e4bbccfd4996cb3dc -> 
  custom:container-muxer-webm: aa71ff27fc2769a1b78a27578f13a17b -> 
  custom:container-demuxer-webm: 4f35f7cbe854078d1ac9338744f61a02 -> 
  custom:video-encoder-webm-vp8: eb34c28f22e8b96e1ab97ce403110664 -> 
  custom:audio-encoder-webm-vorbis: bf7c407c2cedff20999df2af8eb42d56 -> 
  custom:framework-win-MediaFoundation: 216162199b28c13a410421893ffa2e32 -> 
  custom:container-demuxer-ogg: 62fdf1f143b41e24485cea50d1cbac27 -> 
  custom:video-decoder-webm-vp8: 9c59270c3fd7afecdb556c50c9e8de78 -> 
  custom:audio-decoder-ogg-vorbis: bf7c407c2cedff20999df2af8eb42d56 -> 
========================================================================
Received Prepare
Registering precompiled user dll's ...
Registered in 0.005384 seconds.
Begin MonoManager ReloadAssembly
Symbol file LoadedFromMemory doesn't match image D:\FinalFarmingGame\FinalFarming\Library\PackageCache\com.unity.visualscripting@1.7.8\Editor\VisualScripting.Core\Dependencies\YamlDotNet\Unity.VisualScripting.YamlDotNet.dll
Symbol file LoadedFromMemory doesn't match image D:\FinalFarmingGame\FinalFarming\Library\PackageCache\com.unity.visualscripting@1.7.8\Editor\VisualScripting.Core\Dependencies\DotNetZip\Unity.VisualScripting.IonicZip.dll
Native extension for WindowsStandalone target not found
Native extension for Android target not found
Refreshing native plugins compatible for Editor in 0.63 ms, found 3 plugins.
Preloading 0 native plugins for Editor in 0.00 ms.
Mono: successfully reloaded assembly
- Completed reload, in  1.180 seconds
Domain Reload Profiling:
	ReloadAssembly (1181ms)
		BeginReloadAssembly (148ms)
			ExecutionOrderSort (0ms)
			DisableScriptedObjects (7ms)
			BackupInstance (0ms)
			ReleaseScriptingObjects (0ms)
			CreateAndSetChildDomain (37ms)
		EndReloadAssembly (914ms)
			LoadAssemblies (104ms)
			RebuildTransferFunctionScriptingTraits (0ms)
			SetupTypeCache (303ms)
				TypeCache.Initialize (297ms)
					TypeCache.ScanAssembly (291ms)
				ResolveRequiredComponents (6ms)
			ReleaseScriptCaches (1ms)
			RebuildScriptCaches (51ms)
			SetupLoadedEditorAssemblies (402ms)
				LogAssemblyErrors (0ms)
				InitializePlatformSupportModulesInManaged (26ms)
				SetLoadedEditorAssemblies (9ms)
				RefreshPlugins (1ms)
				BeforeProcessingInitializeOnLoad (79ms)
				ProcessInitializeOnLoadAttributes (240ms)
				ProcessInitializeOnLoadMethodAttributes (37ms)
				AfterProcessingInitializeOnLoad (10ms)
				EditorAssembliesLoaded (0ms)
			ExecutionOrderSort2 (0ms)
			AwakeInstancesAfterBackupRestoration (7ms)
Platform modules already initialized, skipping
Refreshing native plugins compatible for Editor in 1.72 ms, found 3 plugins.
Preloading 0 native plugins for Editor in 0.00 ms.
Unloading 3443 Unused Serialized files (Serialized files now loaded: 0)
Unloading 31 unused Assets / (0.7 MB). Loaded Objects now: 3970.
Memory consumption went from 0.52 GB to 0.52 GB.
Total: 4.079700 ms (FindLiveObjects: 0.291800 ms CreateObjectMapping: 0.238700 ms MarkObjects: 3.008200 ms  DeleteObjects: 0.540100 ms)

AssetImportParameters requested are different than current active one (requested -> active):
  custom:video-decoder-ogg-theora: a1e56fd34408186e4bbccfd4996cb3dc -> 
  custom:container-muxer-webm: aa71ff27fc2769a1b78a27578f13a17b -> 
  custom:container-demuxer-webm: 4f35f7cbe854078d1ac9338744f61a02 -> 
  custom:video-encoder-webm-vp8: eb34c28f22e8b96e1ab97ce403110664 -> 
  custom:audio-encoder-webm-vorbis: bf7c407c2cedff20999df2af8eb42d56 -> 
  custom:framework-win-MediaFoundation: 216162199b28c13a410421893ffa2e32 -> 
  custom:container-demuxer-ogg: 62fdf1f143b41e24485cea50d1cbac27 -> 
  custom:video-decoder-webm-vp8: 9c59270c3fd7afecdb556c50c9e8de78 -> 
  custom:audio-decoder-ogg-vorbis: bf7c407c2cedff20999df2af8eb42d56 -> 
========================================================================
Received Prepare
Registering precompiled user dll's ...
Registered in 0.006442 seconds.
Begin MonoManager ReloadAssembly
Symbol file LoadedFromMemory doesn't match image D:\FinalFarmingGame\FinalFarming\Library\PackageCache\com.unity.visualscripting@1.7.8\Editor\VisualScripting.Core\Dependencies\YamlDotNet\Unity.VisualScripting.YamlDotNet.dll
Symbol file LoadedFromMemory doesn't match image D:\FinalFarmingGame\FinalFarming\Library\PackageCache\com.unity.visualscripting@1.7.8\Editor\VisualScripting.Core\Dependencies\DotNetZip\Unity.VisualScripting.IonicZip.dll
Native extension for WindowsStandalone target not found
Native extension for Android target not found
Refreshing native plugins compatible for Editor in 0.69 ms, found 3 plugins.
Preloading 0 native plugins for Editor in 0.00 ms.
Mono: successfully reloaded assembly
- Completed reload, in  1.160 seconds
Domain Reload Profiling:
	ReloadAssembly (1160ms)
		BeginReloadAssembly (156ms)
			ExecutionOrderSort (0ms)
			DisableScriptedObjects (6ms)
			BackupInstance (0ms)
			ReleaseScriptingObjects (0ms)
			CreateAndSetChildDomain (40ms)
		EndReloadAssembly (892ms)
			LoadAssemblies (102ms)
			RebuildTransferFunctionScriptingTraits (0ms)
			SetupTypeCache (292ms)
				TypeCache.Initialize (287ms)
					TypeCache.ScanAssembly (281ms)
				ResolveRequiredComponents (5ms)
			ReleaseScriptCaches (1ms)
			RebuildScriptCaches (43ms)
			SetupLoadedEditorAssemblies (406ms)
				LogAssemblyErrors (0ms)
				InitializePlatformSupportModulesInManaged (27ms)
				SetLoadedEditorAssemblies (9ms)
				RefreshPlugins (1ms)
				BeforeProcessingInitializeOnLoad (75ms)
				ProcessInitializeOnLoadAttributes (244ms)
				ProcessInitializeOnLoadMethodAttributes (39ms)
				AfterProcessingInitializeOnLoad (10ms)
				EditorAssembliesLoaded (0ms)
			ExecutionOrderSort2 (0ms)
			AwakeInstancesAfterBackupRestoration (7ms)
Platform modules already initialized, skipping
Refreshing native plugins compatible for Editor in 1.73 ms, found 3 plugins.
Preloading 0 native plugins for Editor in 0.00 ms.
Unloading 3443 Unused Serialized files (Serialized files now loaded: 0)
Unloading 31 unused Assets / (0.7 MB). Loaded Objects now: 3973.
Memory consumption went from 0.52 GB to 0.52 GB.
Total: 4.616200 ms (FindLiveObjects: 0.434600 ms CreateObjectMapping: 0.220900 ms MarkObjects: 3.480300 ms  DeleteObjects: 0.479300 ms)

AssetImportParameters requested are different than current active one (requested -> active):
  custom:video-decoder-ogg-theora: a1e56fd34408186e4bbccfd4996cb3dc -> 
  custom:container-muxer-webm: aa71ff27fc2769a1b78a27578f13a17b -> 
  custom:container-demuxer-webm: 4f35f7cbe854078d1ac9338744f61a02 -> 
  custom:video-encoder-webm-vp8: eb34c28f22e8b96e1ab97ce403110664 -> 
  custom:audio-encoder-webm-vorbis: bf7c407c2cedff20999df2af8eb42d56 -> 
  custom:framework-win-MediaFoundation: 216162199b28c13a410421893ffa2e32 -> 
  custom:container-demuxer-ogg: 62fdf1f143b41e24485cea50d1cbac27 -> 
  custom:video-decoder-webm-vp8: 9c59270c3fd7afecdb556c50c9e8de78 -> 
  custom:audio-decoder-ogg-vorbis: bf7c407c2cedff20999df2af8eb42d56 -> 
========================================================================
Received Prepare
Registering precompiled user dll's ...
Registered in 0.003850 seconds.
Begin MonoManager ReloadAssembly
Symbol file LoadedFromMemory doesn't match image D:\FinalFarmingGame\FinalFarming\Library\PackageCache\com.unity.visualscripting@1.7.8\Editor\VisualScripting.Core\Dependencies\YamlDotNet\Unity.VisualScripting.YamlDotNet.dll
Symbol file LoadedFromMemory doesn't match image D:\FinalFarmingGame\FinalFarming\Library\PackageCache\com.unity.visualscripting@1.7.8\Editor\VisualScripting.Core\Dependencies\DotNetZip\Unity.VisualScripting.IonicZip.dll
Native extension for WindowsStandalone target not found
Native extension for Android target not found
Refreshing native plugins compatible for Editor in 0.66 ms, found 3 plugins.
Preloading 0 native plugins for Editor in 0.00 ms.
Mono: successfully reloaded assembly
- Completed reload, in  1.157 seconds
Domain Reload Profiling:
	ReloadAssembly (1158ms)
		BeginReloadAssembly (144ms)
			ExecutionOrderSort (0ms)
			DisableScriptedObjects (6ms)
			BackupInstance (0ms)
			ReleaseScriptingObjects (0ms)
			CreateAndSetChildDomain (37ms)
		EndReloadAssembly (904ms)
			LoadAssemblies (96ms)
			RebuildTransferFunctionScriptingTraits (0ms)
			SetupTypeCache (301ms)
				TypeCache.Initialize (295ms)
					TypeCache.ScanAssembly (289ms)
				ResolveRequiredComponents (6ms)
			ReleaseScriptCaches (1ms)
			RebuildScriptCaches (46ms)
			SetupLoadedEditorAssemblies (407ms)
				LogAssemblyErrors (0ms)
				InitializePlatformSupportModulesInManaged (26ms)
				SetLoadedEditorAssemblies (9ms)
				RefreshPlugins (1ms)
				BeforeProcessingInitializeOnLoad (77ms)
				ProcessInitializeOnLoadAttributes (253ms)
				ProcessInitializeOnLoadMethodAttributes (31ms)
				AfterProcessingInitializeOnLoad (10ms)
				EditorAssembliesLoaded (0ms)
			ExecutionOrderSort2 (0ms)
			AwakeInstancesAfterBackupRestoration (7ms)
Platform modules already initialized, skipping
Refreshing native plugins compatible for Editor in 1.61 ms, found 3 plugins.
Preloading 0 native plugins for Editor in 0.00 ms.
Unloading 3443 Unused Serialized files (Serialized files now loaded: 0)
Unloading 31 unused Assets / (0.7 MB). Loaded Objects now: 3976.
Memory consumption went from 0.52 GB to 0.52 GB.
Total: 4.648000 ms (FindLiveObjects: 0.304600 ms CreateObjectMapping: 0.257200 ms MarkObjects: 3.644300 ms  DeleteObjects: 0.440000 ms)

AssetImportParameters requested are different than current active one (requested -> active):
  custom:video-decoder-ogg-theora: a1e56fd34408186e4bbccfd4996cb3dc -> 
  custom:container-muxer-webm: aa71ff27fc2769a1b78a27578f13a17b -> 
  custom:container-demuxer-webm: 4f35f7cbe854078d1ac9338744f61a02 -> 
  custom:video-encoder-webm-vp8: eb34c28f22e8b96e1ab97ce403110664 -> 
  custom:audio-encoder-webm-vorbis: bf7c407c2cedff20999df2af8eb42d56 -> 
  custom:framework-win-MediaFoundation: 216162199b28c13a410421893ffa2e32 -> 
  custom:container-demuxer-ogg: 62fdf1f143b41e24485cea50d1cbac27 -> 
  custom:video-decoder-webm-vp8: 9c59270c3fd7afecdb556c50c9e8de78 -> 
  custom:audio-decoder-ogg-vorbis: bf7c407c2cedff20999df2af8eb42d56 -> 
========================================================================
Received Prepare
Registering precompiled user dll's ...
Registered in 0.004211 seconds.
Begin MonoManager ReloadAssembly
Symbol file LoadedFromMemory doesn't match image D:\FinalFarmingGame\FinalFarming\Library\PackageCache\com.unity.visualscripting@1.7.8\Editor\VisualScripting.Core\Dependencies\YamlDotNet\Unity.VisualScripting.YamlDotNet.dll
Symbol file LoadedFromMemory doesn't match image D:\FinalFarmingGame\FinalFarming\Library\PackageCache\com.unity.visualscripting@1.7.8\Editor\VisualScripting.Core\Dependencies\DotNetZip\Unity.VisualScripting.IonicZip.dll
Native extension for WindowsStandalone target not found
Native extension for Android target not found
Refreshing native plugins compatible for Editor in 1.04 ms, found 3 plugins.
Preloading 0 native plugins for Editor in 0.00 ms.
Mono: successfully reloaded assembly
- Completed reload, in  1.253 seconds
Domain Reload Profiling:
	ReloadAssembly (1254ms)
		BeginReloadAssembly (148ms)
			ExecutionOrderSort (0ms)
			DisableScriptedObjects (6ms)
			BackupInstance (0ms)
			ReleaseScriptingObjects (0ms)
			CreateAndSetChildDomain (38ms)
		EndReloadAssembly (970ms)
			LoadAssemblies (99ms)
			RebuildTransferFunctionScriptingTraits (0ms)
			SetupTypeCache (315ms)
				TypeCache.Initialize (310ms)
					TypeCache.ScanAssembly (305ms)
				ResolveRequiredComponents (5ms)
			ReleaseScriptCaches (1ms)
			RebuildScriptCaches (72ms)
			SetupLoadedEditorAssemblies (427ms)
				LogAssemblyErrors (0ms)
				InitializePlatformSupportModulesInManaged (33ms)
				SetLoadedEditorAssemblies (10ms)
				RefreshPlugins (1ms)
				BeforeProcessingInitializeOnLoad (83ms)
				ProcessInitializeOnLoadAttributes (257ms)
				ProcessInitializeOnLoadMethodAttributes (33ms)
				AfterProcessingInitializeOnLoad (9ms)
				EditorAssembliesLoaded (0ms)
			ExecutionOrderSort2 (0ms)
			AwakeInstancesAfterBackupRestoration (6ms)
Platform modules already initialized, skipping
Refreshing native plugins compatible for Editor in 1.67 ms, found 3 plugins.
Preloading 0 native plugins for Editor in 0.00 ms.
Unloading 3443 Unused Serialized files (Serialized files now loaded: 0)
Unloading 31 unused Assets / (0.7 MB). Loaded Objects now: 3979.
Memory consumption went from 0.52 GB to 0.52 GB.
Total: 5.608300 ms (FindLiveObjects: 0.340000 ms CreateObjectMapping: 0.292300 ms MarkObjects: 4.021500 ms  DeleteObjects: 0.953300 ms)

AssetImportParameters requested are different than current active one (requested -> active):
  custom:video-decoder-ogg-theora: a1e56fd34408186e4bbccfd4996cb3dc -> 
  custom:container-muxer-webm: aa71ff27fc2769a1b78a27578f13a17b -> 
  custom:container-demuxer-webm: 4f35f7cbe854078d1ac9338744f61a02 -> 
  custom:video-encoder-webm-vp8: eb34c28f22e8b96e1ab97ce403110664 -> 
  custom:audio-encoder-webm-vorbis: bf7c407c2cedff20999df2af8eb42d56 -> 
  custom:framework-win-MediaFoundation: 216162199b28c13a410421893ffa2e32 -> 
  custom:container-demuxer-ogg: 62fdf1f143b41e24485cea50d1cbac27 -> 
  custom:video-decoder-webm-vp8: 9c59270c3fd7afecdb556c50c9e8de78 -> 
  custom:audio-decoder-ogg-vorbis: bf7c407c2cedff20999df2af8eb42d56 -> 
========================================================================
Received Prepare
Registering precompiled user dll's ...
Registered in 0.004368 seconds.
Begin MonoManager ReloadAssembly
Symbol file LoadedFromMemory doesn't match image D:\FinalFarmingGame\FinalFarming\Library\PackageCache\com.unity.visualscripting@1.7.8\Editor\VisualScripting.Core\Dependencies\YamlDotNet\Unity.VisualScripting.YamlDotNet.dll
Symbol file LoadedFromMemory doesn't match image D:\FinalFarmingGame\FinalFarming\Library\PackageCache\com.unity.visualscripting@1.7.8\Editor\VisualScripting.Core\Dependencies\DotNetZip\Unity.VisualScripting.IonicZip.dll
Native extension for WindowsStandalone target not found
Native extension for Android target not found
Refreshing native plugins compatible for Editor in 0.65 ms, found 3 plugins.
Preloading 0 native plugins for Editor in 0.00 ms.
Mono: successfully reloaded assembly
- Completed reload, in  1.199 seconds
Domain Reload Profiling:
	ReloadAssembly (1200ms)
		BeginReloadAssembly (148ms)
			ExecutionOrderSort (0ms)
			DisableScriptedObjects (6ms)
			BackupInstance (0ms)
			ReleaseScriptingObjects (0ms)
			CreateAndSetChildDomain (36ms)
		EndReloadAssembly (936ms)
			LoadAssemblies (104ms)
			RebuildTransferFunctionScriptingTraits (0ms)
			SetupTypeCache (326ms)
				TypeCache.Initialize (321ms)
					TypeCache.ScanAssembly (315ms)
				ResolveRequiredComponents (5ms)
			ReleaseScriptCaches (1ms)
			RebuildScriptCaches (44ms)
			SetupLoadedEditorAssemblies (408ms)
				LogAssemblyErrors (0ms)
				InitializePlatformSupportModulesInManaged (33ms)
				SetLoadedEditorAssemblies (10ms)
				RefreshPlugins (1ms)
				BeforeProcessingInitializeOnLoad (80ms)
				ProcessInitializeOnLoadAttributes (239ms)
				ProcessInitializeOnLoadMethodAttributes (36ms)
				AfterProcessingInitializeOnLoad (9ms)
				EditorAssembliesLoaded (0ms)
			ExecutionOrderSort2 (0ms)
			AwakeInstancesAfterBackupRestoration (7ms)
Platform modules already initialized, skipping
Refreshing native plugins compatible for Editor in 1.72 ms, found 3 plugins.
Preloading 0 native plugins for Editor in 0.00 ms.
Unloading 3443 Unused Serialized files (Serialized files now loaded: 0)
Unloading 31 unused Assets / (0.7 MB). Loaded Objects now: 3982.
Memory consumption went from 0.52 GB to 0.52 GB.
Total: 4.232300 ms (FindLiveObjects: 0.416600 ms CreateObjectMapping: 0.198800 ms MarkObjects: 3.108000 ms  DeleteObjects: 0.507300 ms)

AssetImportParameters requested are different than current active one (requested -> active):
  custom:video-decoder-ogg-theora: a1e56fd34408186e4bbccfd4996cb3dc -> 
  custom:container-muxer-webm: aa71ff27fc2769a1b78a27578f13a17b -> 
  custom:container-demuxer-webm: 4f35f7cbe854078d1ac9338744f61a02 -> 
  custom:video-encoder-webm-vp8: eb34c28f22e8b96e1ab97ce403110664 -> 
  custom:audio-encoder-webm-vorbis: bf7c407c2cedff20999df2af8eb42d56 -> 
  custom:framework-win-MediaFoundation: 216162199b28c13a410421893ffa2e32 -> 
  custom:container-demuxer-ogg: 62fdf1f143b41e24485cea50d1cbac27 -> 
  custom:video-decoder-webm-vp8: 9c59270c3fd7afecdb556c50c9e8de78 -> 
  custom:audio-decoder-ogg-vorbis: bf7c407c2cedff20999df2af8eb42d56 -> 
========================================================================
Received Prepare
Registering precompiled user dll's ...
Registered in 0.004522 seconds.
Begin MonoManager ReloadAssembly
Symbol file LoadedFromMemory doesn't match image D:\FinalFarmingGame\FinalFarming\Library\PackageCache\com.unity.visualscripting@1.7.8\Editor\VisualScripting.Core\Dependencies\YamlDotNet\Unity.VisualScripting.YamlDotNet.dll
Symbol file LoadedFromMemory doesn't match image D:\FinalFarmingGame\FinalFarming\Library\PackageCache\com.unity.visualscripting@1.7.8\Editor\VisualScripting.Core\Dependencies\DotNetZip\Unity.VisualScripting.IonicZip.dll
Native extension for WindowsStandalone target not found
Native extension for Android target not found
Refreshing native plugins compatible for Editor in 0.65 ms, found 3 plugins.
Preloading 0 native plugins for Editor in 0.00 ms.
Mono: successfully reloaded assembly
- Completed reload, in  1.222 seconds
Domain Reload Profiling:
	ReloadAssembly (1223ms)
		BeginReloadAssembly (162ms)
			ExecutionOrderSort (0ms)
			DisableScriptedObjects (7ms)
			BackupInstance (0ms)
			ReleaseScriptingObjects (0ms)
			CreateAndSetChildDomain (37ms)
		EndReloadAssembly (951ms)
			LoadAssemblies (110ms)
			RebuildTransferFunctionScriptingTraits (0ms)
			SetupTypeCache (345ms)
				TypeCache.Initialize (337ms)
					TypeCache.ScanAssembly (329ms)
				ResolveRequiredComponents (8ms)
			ReleaseScriptCaches (1ms)
			RebuildScriptCaches (47ms)
			SetupLoadedEditorAssemblies (405ms)
				LogAssemblyErrors (0ms)
				InitializePlatformSupportModulesInManaged (23ms)
				SetLoadedEditorAssemblies (9ms)
				RefreshPlugins (1ms)
				BeforeProcessingInitializeOnLoad (79ms)
				ProcessInitializeOnLoadAttributes (240ms)
				ProcessInitializeOnLoadMethodAttributes (43ms)
				AfterProcessingInitializeOnLoad (10ms)
				EditorAssembliesLoaded (0ms)
			ExecutionOrderSort2 (0ms)
			AwakeInstancesAfterBackupRestoration (8ms)
Platform modules already initialized, skipping
Refreshing native plugins compatible for Editor in 1.75 ms, found 3 plugins.
Preloading 0 native plugins for Editor in 0.00 ms.
Unloading 3443 Unused Serialized files (Serialized files now loaded: 0)
Unloading 31 unused Assets / (0.7 MB). Loaded Objects now: 3985.
Memory consumption went from 0.52 GB to 0.52 GB.
Total: 4.420400 ms (FindLiveObjects: 0.330300 ms CreateObjectMapping: 0.276800 ms MarkObjects: 3.424500 ms  DeleteObjects: 0.387100 ms)

AssetImportParameters requested are different than current active one (requested -> active):
  custom:video-decoder-ogg-theora: a1e56fd34408186e4bbccfd4996cb3dc -> 
  custom:container-muxer-webm: aa71ff27fc2769a1b78a27578f13a17b -> 
  custom:container-demuxer-webm: 4f35f7cbe854078d1ac9338744f61a02 -> 
  custom:video-encoder-webm-vp8: eb34c28f22e8b96e1ab97ce403110664 -> 
  custom:audio-encoder-webm-vorbis: bf7c407c2cedff20999df2af8eb42d56 -> 
  custom:framework-win-MediaFoundation: 216162199b28c13a410421893ffa2e32 -> 
  custom:container-demuxer-ogg: 62fdf1f143b41e24485cea50d1cbac27 -> 
  custom:video-decoder-webm-vp8: 9c59270c3fd7afecdb556c50c9e8de78 -> 
  custom:audio-decoder-ogg-vorbis: bf7c407c2cedff20999df2af8eb42d56 -> 
========================================================================
Received Prepare
Registering precompiled user dll's ...
Registered in 0.004031 seconds.
Begin MonoManager ReloadAssembly
Symbol file LoadedFromMemory doesn't match image D:\FinalFarmingGame\FinalFarming\Library\PackageCache\com.unity.visualscripting@1.7.8\Editor\VisualScripting.Core\Dependencies\YamlDotNet\Unity.VisualScripting.YamlDotNet.dll
Symbol file LoadedFromMemory doesn't match image D:\FinalFarmingGame\FinalFarming\Library\PackageCache\com.unity.visualscripting@1.7.8\Editor\VisualScripting.Core\Dependencies\DotNetZip\Unity.VisualScripting.IonicZip.dll
Native extension for WindowsStandalone target not found
Native extension for Android target not found
Refreshing native plugins compatible for Editor in 0.64 ms, found 3 plugins.
Preloading 0 native plugins for Editor in 0.00 ms.
Mono: successfully reloaded assembly
- Completed reload, in  1.155 seconds
Domain Reload Profiling:
	ReloadAssembly (1156ms)
		BeginReloadAssembly (143ms)
			ExecutionOrderSort (0ms)
			DisableScriptedObjects (6ms)
			BackupInstance (0ms)
			ReleaseScriptingObjects (0ms)
			CreateAndSetChildDomain (36ms)
		EndReloadAssembly (909ms)
			LoadAssemblies (97ms)
			RebuildTransferFunctionScriptingTraits (0ms)
			SetupTypeCache (313ms)
				TypeCache.Initialize (308ms)
					TypeCache.ScanAssembly (303ms)
				ResolveRequiredComponents (5ms)
			ReleaseScriptCaches (1ms)
			RebuildScriptCaches (45ms)
			SetupLoadedEditorAssemblies (397ms)
				LogAssemblyErrors (0ms)
				InitializePlatformSupportModulesInManaged (27ms)
				SetLoadedEditorAssemblies (9ms)
				RefreshPlugins (1ms)
				BeforeProcessingInitializeOnLoad (77ms)
				ProcessInitializeOnLoadAttributes (241ms)
				ProcessInitializeOnLoadMethodAttributes (33ms)
				AfterProcessingInitializeOnLoad (10ms)
				EditorAssembliesLoaded (0ms)
			ExecutionOrderSort2 (0ms)
			AwakeInstancesAfterBackupRestoration (7ms)
Platform modules already initialized, skipping
Refreshing native plugins compatible for Editor in 1.74 ms, found 3 plugins.
Preloading 0 native plugins for Editor in 0.00 ms.
Unloading 3443 Unused Serialized files (Serialized files now loaded: 0)
Unloading 31 unused Assets / (0.7 MB). Loaded Objects now: 3988.
Memory consumption went from 0.52 GB to 0.52 GB.
Total: 4.594400 ms (FindLiveObjects: 0.307200 ms CreateObjectMapping: 0.247200 ms MarkObjects: 3.576100 ms  DeleteObjects: 0.462900 ms)

AssetImportParameters requested are different than current active one (requested -> active):
  custom:video-decoder-ogg-theora: a1e56fd34408186e4bbccfd4996cb3dc -> 
  custom:container-muxer-webm: aa71ff27fc2769a1b78a27578f13a17b -> 
  custom:container-demuxer-webm: 4f35f7cbe854078d1ac9338744f61a02 -> 
  custom:video-encoder-webm-vp8: eb34c28f22e8b96e1ab97ce403110664 -> 
  custom:audio-encoder-webm-vorbis: bf7c407c2cedff20999df2af8eb42d56 -> 
  custom:framework-win-MediaFoundation: 216162199b28c13a410421893ffa2e32 -> 
  custom:container-demuxer-ogg: 62fdf1f143b41e24485cea50d1cbac27 -> 
  custom:video-decoder-webm-vp8: 9c59270c3fd7afecdb556c50c9e8de78 -> 
  custom:audio-decoder-ogg-vorbis: bf7c407c2cedff20999df2af8eb42d56 -> 
